d:\vina\qvina_gpu_2\qvina_gpu_2\release\vc142.pdb
d:\vina\qvina_gpu_2\qvina_gpu_2\release\ssd.obj
d:\vina\qvina_gpu_2\qvina_gpu_2\release\random.obj
d:\vina\qvina_gpu_2\qvina_gpu_2\release\quaternion.obj
d:\vina\qvina_gpu_2\qvina_gpu_2\release\quasi_newton.obj
d:\vina\qvina_gpu_2\qvina_gpu_2\release\pdb.obj
d:\vina\qvina_gpu_2\qvina_gpu_2\release\parse_pdbqt.obj
d:\vina\qvina_gpu_2\qvina_gpu_2\release\parallel_progress.obj
d:\vina\qvina_gpu_2\qvina_gpu_2\release\parallel_mc.obj
d:\vina\qvina_gpu_2\qvina_gpu_2\release\non_cache.obj
d:\vina\qvina_gpu_2\qvina_gpu_2\release\naive_non_cache.obj
d:\vina\qvina_gpu_2\qvina_gpu_2\release\my_pid.obj
d:\vina\qvina_gpu_2\qvina_gpu_2\release\mutate.obj
d:\vina\qvina_gpu_2\qvina_gpu_2\release\monte_carlo.obj
d:\vina\qvina_gpu_2\qvina_gpu_2\release\model.obj
d:\vina\qvina_gpu_2\qvina_gpu_2\release\manifold.obj
d:\vina\qvina_gpu_2\qvina_gpu_2\release\grid.obj
d:\vina\qvina_gpu_2\qvina_gpu_2\release\everything.obj
d:\vina\qvina_gpu_2\qvina_gpu_2\release\current_weights.obj
d:\vina\qvina_gpu_2\qvina_gpu_2\release\coords.obj
d:\vina\qvina_gpu_2\qvina_gpu_2\release\cache.obj
d:\vina\qvina_gpu_2\qvina_gpu_2\release\wrapcl.obj
d:\vina\qvina_gpu_2\qvina_gpu_2\release\main.obj
d:\vina\qvina_gpu_2\qvina_gpu_2\release\weighted_terms.obj
d:\vina\qvina_gpu_2\qvina_gpu_2\release\visited.obj
d:\vina\qvina_gpu_2\qvina_gpu_2\release\terms.obj
d:\vina\qvina_gpu_2\qvina_gpu_2\release\szv_grid.obj
d:\vina\qvina_gpu_2\release\qvina_gpu_2.exe
d:\vina\qvina_gpu_2\qvina_gpu_2\release\qvina_gpu_2.ipdb
d:\vina\qvina_gpu_2\qvina_gpu_2\release\qvina_gpu_2.iobj
d:\vina\qvina_gpu_2\release\qvina_gpu_2.pdb
d:\vina\qvina_gpu_2\release\qvina_gpu_2.lib
d:\vina\qvina_gpu_2\release\qvina_gpu_2.exp
d:\vina\qvina_gpu_2\qvina_gpu_2\release\qvina_gpu_2.tlog\cl.command.1.tlog
d:\vina\qvina_gpu_2\qvina_gpu_2\release\qvina_gpu_2.tlog\cl.read.1.tlog
d:\vina\qvina_gpu_2\qvina_gpu_2\release\qvina_gpu_2.tlog\cl.write.1.tlog
d:\vina\qvina_gpu_2\qvina_gpu_2\release\qvina_gpu_2.tlog\link.command.1.tlog
d:\vina\qvina_gpu_2\qvina_gpu_2\release\qvina_gpu_2.tlog\link.read.1.tlog
d:\vina\qvina_gpu_2\qvina_gpu_2\release\qvina_gpu_2.tlog\link.write.1.tlog
d:\vina\qvina_gpu_2\qvina_gpu_2\release\qvina_gpu_2.tlog\qvina_gpu_2.write.1u.tlog
